<?xml version="1.0" encoding="UTF-8"?>
<testng-results skipped="0" failed="0" ignored="0" total="3" passed="3">
  <reporter-output>
  </reporter-output>
  <suite name="Suite" duration-ms="17130" started-at="2018-05-20T06:12:33Z" finished-at="2018-05-20T06:12:50Z">
    <groups>
    </groups>
    <test name="Test1" duration-ms="17130" started-at="2018-05-20T06:12:33Z" finished-at="2018-05-20T06:12:50Z">
      <class name="test123.newtest3">
        <test-method status="PASS" signature="beforeTest(java.lang.String)[pri:0, instance:test123.newtest3@28d25987]" name="beforeTest" is-config="true" duration-ms="4154" started-at="2018-05-20T06:12:33Z" finished-at="2018-05-20T06:12:37Z">
          <params>
            <param index="0">
              <value>
                <![CDATA[chrome]]>
              </value>
            </param>
          </params>
          <reporter-output>
          </reporter-output>
        </test-method> <!-- beforeTest -->
        <test-method status="PASS" signature="testMercuryToursWelcome()[pri:1, instance:test123.newtest3@28d25987]" name="testMercuryToursWelcome" duration-ms="5286" started-at="2018-05-20T06:12:37Z" finished-at="2018-05-20T06:12:42Z">
          <reporter-output>
          </reporter-output>
        </test-method> <!-- testMercuryToursWelcome -->
        <test-method status="PASS" signature="testMercuryToursRegister()[pri:2, instance:test123.newtest3@28d25987]" name="testMercuryToursRegister" duration-ms="3691" started-at="2018-05-20T06:12:42Z" finished-at="2018-05-20T06:12:46Z">
          <reporter-output>
          </reporter-output>
        </test-method> <!-- testMercuryToursRegister -->
        <test-method status="PASS" signature="testMercuryToursLogin()[pri:3, instance:test123.newtest3@28d25987]" name="testMercuryToursLogin" duration-ms="3886" started-at="2018-05-20T06:12:46Z" finished-at="2018-05-20T06:12:50Z">
          <reporter-output>
          </reporter-output>
        </test-method> <!-- testMercuryToursLogin -->
        <test-method status="PASS" signature="afterTest()[pri:0, instance:test123.newtest3@28d25987]" name="afterTest" is-config="true" duration-ms="69" started-at="2018-05-20T06:12:50Z" finished-at="2018-05-20T06:12:50Z">
          <reporter-output>
          </reporter-output>
        </test-method> <!-- afterTest -->
      </class> <!-- test123.newtest3 -->
    </test> <!-- Test1 -->
  </suite> <!-- Suite -->
</testng-results>
