<?xml version="1.0" encoding="UTF-8"?>
<!-- Generated by org.testng.reporters.JUnitXMLReporter -->
<testsuite hostname="BDC7-D-FNZXQG2" ignored="0" name="Test1" tests="3" failures="0" timestamp="20 May 2018 06:12:50 GMT" time="17.13" errors="0">
  <testcase name="testMercuryToursWelcome" time="5.286" classname="test123.newtest3"/>
  <testcase name="testMercuryToursRegister" time="3.691" classname="test123.newtest3"/>
  <testcase name="testMercuryToursLogin" time="3.886" classname="test123.newtest3"/>
</testsuite> <!-- Test1 -->
